2024-08-12 15:01:02,228 - INFO - Start downloading data symbols ['CTG', 'SSB', 'MBB', 'TPB', 'VIB', 'HDB', 'BID', 'SHB', 'TCB', 'STB', 'VCB', 'VPB'] from CAFEF, start: 01/01/2021, end: 06/08/2024!
2024-08-12 15:01:02,230 - INFO - Start downloading data symbols ['SAB'] from CAFEF, start: 01/01/2021, end: 06/08/2024!
2024-08-12 15:01:02,231 - INFO - Start downloading data symbols ['GVR'] from CAFEF, start: 01/01/2021, end: 06/08/2024!
2024-08-12 15:01:02,237 - INFO - Start downloading data symbols ['POW'] from CAFEF, start: 01/01/2021, end: 06/08/2024!
2024-08-12 15:01:02,240 - INFO - Start downloading data symbols ['SSI'] from CAFEF, start: 01/01/2021, end: 06/08/2024!
2024-08-12 15:01:02,242 - INFO - Start downloading data symbols ['MSN', 'VNM'] from CAFEF, start: 01/01/2021, end: 06/08/2024!
2024-08-12 15:01:02,245 - INFO - Start downloading data symbols ['GAS'] from CAFEF, start: 01/01/2021, end: 06/08/2024!
2024-08-12 15:01:02,250 - INFO - Start downloading data symbols ['MWG'] from CAFEF, start: 01/01/2021, end: 06/08/2024!
2024-08-12 15:01:02,253 - INFO - Start downloading data symbols ['HPG'] from CAFEF, start: 01/01/2021, end: 06/08/2024!
2024-08-12 15:01:02,256 - INFO - Start downloading data symbols ['BVH'] from CAFEF, start: 01/01/2021, end: 06/08/2024!
2024-08-12 15:01:02,258 - INFO - Start downloading data symbols ['PLX'] from CAFEF, start: 01/01/2021, end: 06/08/2024!
2024-08-12 15:01:02,261 - INFO - Start downloading data symbols ['BCM', 'VHM', 'VRE', 'VIC'] from CAFEF, start: 01/01/2021, end: 06/08/2024!
2024-08-12 15:01:02,266 - INFO - Start downloading data symbols ['FPT'] from CAFEF, start: 01/01/2021, end: 06/08/2024!
2024-08-12 15:01:02,268 - INFO - Start downloading data symbols ['VJC'] from CAFEF, start: 01/01/2021, end: 06/08/2024!
2024-08-12 15:01:02,678 - INFO - Start downloading data symbols ['POW'] from CAFEF, start: 01/01/2021, end: 06/08/2024!
2024-08-12 15:01:02,717 - INFO - Start downloading data symbols ['FPT'] from CAFEF, start: 01/01/2021, end: 06/08/2024!
2024-08-12 15:01:02,739 - INFO - Start downloading data symbols ['MWG'] from CAFEF, start: 01/01/2021, end: 06/08/2024!
2024-08-12 15:01:02,765 - INFO - Start downloading data symbols ['SAB'] from CAFEF, start: 01/01/2021, end: 06/08/2024!
2024-08-12 15:01:02,771 - INFO - Start downloading data symbols ['PLX'] from CAFEF, start: 01/01/2021, end: 06/08/2024!
2024-08-12 15:01:02,774 - INFO - Start downloading data symbols ['HPG'] from CAFEF, start: 01/01/2021, end: 06/08/2024!
2024-08-12 15:01:02,797 - INFO - Start downloading data symbols ['BVH'] from CAFEF, start: 01/01/2021, end: 06/08/2024!
2024-08-12 15:01:02,855 - INFO - Start downloading data symbols ['GAS'] from CAFEF, start: 01/01/2021, end: 06/08/2024!
2024-08-12 15:01:02,860 - INFO - Start downloading data symbols ['GVR'] from CAFEF, start: 01/01/2021, end: 06/08/2024!
2024-08-12 15:01:02,889 - INFO - Start downloading data symbols ['SSI'] from CAFEF, start: 01/01/2021, end: 06/08/2024!
2024-08-12 15:01:02,904 - INFO - Start downloading data symbols ['VJC'] from CAFEF, start: 01/01/2021, end: 06/08/2024!
2024-08-12 15:01:03,382 - INFO - Start downloading data symbols ['MSN', 'VNM'] from CAFEF, start: 01/01/2021, end: 06/08/2024!
2024-08-12 15:01:04,038 - INFO - Start downloading data symbols ['BCM', 'VHM', 'VRE', 'VIC'] from CAFEF, start: 01/01/2021, end: 06/08/2024!
2024-08-12 15:01:05,501 - INFO - Start downloading data symbols ['CTG', 'SSB', 'MBB', 'TPB', 'VIB', 'HDB', 'BID', 'SHB', 'TCB', 'STB', 'VCB', 'VPB'] from CAFEF, start: 01/01/2021, end: 06/08/2024!
