2024-08-13 15:01:02,210 - INFO - Start downloading data symbols ['CTG', 'SSB', 'MBB', 'TPB', 'VIB', 'HDB', 'BID', 'SHB', 'TCB', 'STB', 'VCB', 'VPB'] from CAFEF, start: 01/01/2021, end: 06/08/2024!
2024-08-13 15:01:02,211 - INFO - Start downloading data symbols ['SAB'] from CAFEF, start: 01/01/2021, end: 06/08/2024!
2024-08-13 15:01:02,214 - INFO - Start downloading data symbols ['GVR'] from CAFEF, start: 01/01/2021, end: 06/08/2024!
2024-08-13 15:01:02,219 - INFO - Start downloading data symbols ['POW'] from CAFEF, start: 01/01/2021, end: 06/08/2024!
2024-08-13 15:01:02,222 - INFO - Start downloading data symbols ['SSI'] from CAFEF, start: 01/01/2021, end: 06/08/2024!
2024-08-13 15:01:02,224 - INFO - Start downloading data symbols ['MSN', 'VNM'] from CAFEF, start: 01/01/2021, end: 06/08/2024!
2024-08-13 15:01:02,227 - INFO - Start downloading data symbols ['GAS'] from CAFEF, start: 01/01/2021, end: 06/08/2024!
2024-08-13 15:01:02,230 - INFO - Start downloading data symbols ['MWG'] from CAFEF, start: 01/01/2021, end: 06/08/2024!
2024-08-13 15:01:02,233 - INFO - Start downloading data symbols ['HPG'] from CAFEF, start: 01/01/2021, end: 06/08/2024!
2024-08-13 15:01:02,238 - INFO - Start downloading data symbols ['BVH'] from CAFEF, start: 01/01/2021, end: 06/08/2024!
2024-08-13 15:01:02,239 - INFO - Start downloading data symbols ['PLX'] from CAFEF, start: 01/01/2021, end: 06/08/2024!
2024-08-13 15:01:02,242 - INFO - Start downloading data symbols ['BCM', 'VHM', 'VRE', 'VIC'] from CAFEF, start: 01/01/2021, end: 06/08/2024!
2024-08-13 15:01:02,247 - INFO - Start downloading data symbols ['FPT'] from CAFEF, start: 01/01/2021, end: 06/08/2024!
2024-08-13 15:01:02,250 - INFO - Start downloading data symbols ['VJC'] from CAFEF, start: 01/01/2021, end: 06/08/2024!
2024-08-13 15:01:02,570 - INFO - Start downloading data symbols ['GVR'] from CAFEF, start: 01/01/2021, end: 06/08/2024!
2024-08-13 15:01:02,593 - INFO - Start downloading data symbols ['SAB'] from CAFEF, start: 01/01/2021, end: 06/08/2024!
2024-08-13 15:01:02,635 - INFO - Start downloading data symbols ['VJC'] from CAFEF, start: 01/01/2021, end: 06/08/2024!
2024-08-13 15:01:02,688 - INFO - Start downloading data symbols ['FPT'] from CAFEF, start: 01/01/2021, end: 06/08/2024!
2024-08-13 15:01:02,708 - INFO - Start downloading data symbols ['MWG'] from CAFEF, start: 01/01/2021, end: 06/08/2024!
2024-08-13 15:01:02,789 - INFO - Start downloading data symbols ['SSI'] from CAFEF, start: 01/01/2021, end: 06/08/2024!
2024-08-13 15:01:02,814 - INFO - Start downloading data symbols ['HPG'] from CAFEF, start: 01/01/2021, end: 06/08/2024!
2024-08-13 15:01:02,826 - INFO - Start downloading data symbols ['PLX'] from CAFEF, start: 01/01/2021, end: 06/08/2024!
2024-08-13 15:01:02,866 - INFO - Start downloading data symbols ['GAS'] from CAFEF, start: 01/01/2021, end: 06/08/2024!
2024-08-13 15:01:02,873 - INFO - Start downloading data symbols ['POW'] from CAFEF, start: 01/01/2021, end: 06/08/2024!
2024-08-13 15:01:02,897 - INFO - Start downloading data symbols ['BVH'] from CAFEF, start: 01/01/2021, end: 06/08/2024!
2024-08-13 15:01:03,414 - INFO - Start downloading data symbols ['MSN', 'VNM'] from CAFEF, start: 01/01/2021, end: 06/08/2024!
2024-08-13 15:01:03,642 - INFO - Start downloading data symbols ['BCM', 'VHM', 'VRE', 'VIC'] from CAFEF, start: 01/01/2021, end: 06/08/2024!
2024-08-13 15:01:05,433 - INFO - Start downloading data symbols ['CTG', 'SSB', 'MBB', 'TPB', 'VIB', 'HDB', 'BID', 'SHB', 'TCB', 'STB', 'VCB', 'VPB'] from CAFEF, start: 01/01/2021, end: 06/08/2024!
