2024-08-09 15:01:02,531 - INFO - Start downloading data symbols ['CTG', 'SSB', 'MBB', 'TPB', 'VIB', 'HDB', 'BID', 'SHB', 'TCB', 'STB', 'VCB', 'VPB'] from CAFEF, start: 01/01/2021, end: 06/08/2024!
2024-08-09 15:01:02,533 - INFO - Start downloading data symbols ['SAB'] from CAFEF, start: 01/01/2021, end: 06/08/2024!
2024-08-09 15:01:02,534 - INFO - Start downloading data symbols ['GVR'] from CAFEF, start: 01/01/2021, end: 06/08/2024!
2024-08-09 15:01:02,539 - INFO - Start downloading data symbols ['POW'] from CAFEF, start: 01/01/2021, end: 06/08/2024!
2024-08-09 15:01:02,542 - INFO - Start downloading data symbols ['SSI'] from CAFEF, start: 01/01/2021, end: 06/08/2024!
2024-08-09 15:01:02,543 - INFO - Start downloading data symbols ['MSN', 'VNM'] from CAFEF, start: 01/01/2021, end: 06/08/2024!
2024-08-09 15:01:02,544 - INFO - Start downloading data symbols ['GAS'] from CAFEF, start: 01/01/2021, end: 06/08/2024!
2024-08-09 15:01:02,545 - INFO - Start downloading data symbols ['MWG'] from CAFEF, start: 01/01/2021, end: 06/08/2024!
2024-08-09 15:01:02,548 - INFO - Start downloading data symbols ['HPG'] from CAFEF, start: 01/01/2021, end: 06/08/2024!
2024-08-09 15:01:02,554 - INFO - Start downloading data symbols ['BVH'] from CAFEF, start: 01/01/2021, end: 06/08/2024!
2024-08-09 15:01:02,558 - INFO - Start downloading data symbols ['PLX'] from CAFEF, start: 01/01/2021, end: 06/08/2024!
2024-08-09 15:01:02,559 - INFO - Start downloading data symbols ['BCM', 'VHM', 'VRE', 'VIC'] from CAFEF, start: 01/01/2021, end: 06/08/2024!
2024-08-09 15:01:02,560 - INFO - Start downloading data symbols ['FPT'] from CAFEF, start: 01/01/2021, end: 06/08/2024!
2024-08-09 15:01:02,565 - INFO - Start downloading data symbols ['VJC'] from CAFEF, start: 01/01/2021, end: 06/08/2024!
2024-08-09 15:01:02,882 - INFO - Start downloading data symbols ['GVR'] from CAFEF, start: 01/01/2021, end: 06/08/2024!
2024-08-09 15:01:02,939 - INFO - Start downloading data symbols ['HPG'] from CAFEF, start: 01/01/2021, end: 06/08/2024!
2024-08-09 15:01:03,014 - INFO - Start downloading data symbols ['BVH'] from CAFEF, start: 01/01/2021, end: 06/08/2024!
2024-08-09 15:01:03,018 - INFO - Start downloading data symbols ['VJC'] from CAFEF, start: 01/01/2021, end: 06/08/2024!
2024-08-09 15:01:03,027 - INFO - Start downloading data symbols ['SAB'] from CAFEF, start: 01/01/2021, end: 06/08/2024!
2024-08-09 15:01:03,058 - INFO - Start downloading data symbols ['MWG'] from CAFEF, start: 01/01/2021, end: 06/08/2024!
2024-08-09 15:01:03,168 - INFO - Start downloading data symbols ['POW'] from CAFEF, start: 01/01/2021, end: 06/08/2024!
2024-08-09 15:01:03,199 - INFO - Start downloading data symbols ['FPT'] from CAFEF, start: 01/01/2021, end: 06/08/2024!
2024-08-09 15:01:03,202 - INFO - Start downloading data symbols ['SSI'] from CAFEF, start: 01/01/2021, end: 06/08/2024!
2024-08-09 15:01:03,218 - INFO - Start downloading data symbols ['GAS'] from CAFEF, start: 01/01/2021, end: 06/08/2024!
2024-08-09 15:01:03,239 - INFO - Start downloading data symbols ['PLX'] from CAFEF, start: 01/01/2021, end: 06/08/2024!
2024-08-09 15:01:03,703 - INFO - Start downloading data symbols ['MSN', 'VNM'] from CAFEF, start: 01/01/2021, end: 06/08/2024!
2024-08-09 15:01:04,273 - INFO - Start downloading data symbols ['BCM', 'VHM', 'VRE', 'VIC'] from CAFEF, start: 01/01/2021, end: 06/08/2024!
2024-08-09 15:01:05,913 - INFO - Start downloading data symbols ['CTG', 'SSB', 'MBB', 'TPB', 'VIB', 'HDB', 'BID', 'SHB', 'TCB', 'STB', 'VCB', 'VPB'] from CAFEF, start: 01/01/2021, end: 06/08/2024!
