2024-08-14 15:01:02,080 - INFO - Start downloading data symbols ['CTG', 'SSB', 'MBB', 'TPB', 'VIB', 'HDB', 'BID', 'SHB', 'TCB', 'STB', 'VCB', 'VPB'] from CAFEF, start: 01/01/2021, end: 06/08/2024!
2024-08-14 15:01:02,082 - INFO - Start downloading data symbols ['SAB'] from CAFEF, start: 01/01/2021, end: 06/08/2024!
2024-08-14 15:01:02,083 - INFO - Start downloading data symbols ['GVR'] from CAFEF, start: 01/01/2021, end: 06/08/2024!
2024-08-14 15:01:02,088 - INFO - Start downloading data symbols ['POW'] from CAFEF, start: 01/01/2021, end: 06/08/2024!
2024-08-14 15:01:02,092 - INFO - Start downloading data symbols ['SSI'] from CAFEF, start: 01/01/2021, end: 06/08/2024!
2024-08-14 15:01:02,093 - INFO - Start downloading data symbols ['MSN', 'VNM'] from CAFEF, start: 01/01/2021, end: 06/08/2024!
2024-08-14 15:01:02,095 - INFO - Start downloading data symbols ['GAS'] from CAFEF, start: 01/01/2021, end: 06/08/2024!
2024-08-14 15:01:02,099 - INFO - Start downloading data symbols ['MWG'] from CAFEF, start: 01/01/2021, end: 06/08/2024!
2024-08-14 15:01:02,101 - INFO - Start downloading data symbols ['HPG'] from CAFEF, start: 01/01/2021, end: 06/08/2024!
2024-08-14 15:01:02,105 - INFO - Start downloading data symbols ['BVH'] from CAFEF, start: 01/01/2021, end: 06/08/2024!
2024-08-14 15:01:02,108 - INFO - Start downloading data symbols ['PLX'] from CAFEF, start: 01/01/2021, end: 06/08/2024!
2024-08-14 15:01:02,110 - INFO - Start downloading data symbols ['BCM', 'VHM', 'VRE', 'VIC'] from CAFEF, start: 01/01/2021, end: 06/08/2024!
2024-08-14 15:01:02,114 - INFO - Start downloading data symbols ['FPT'] from CAFEF, start: 01/01/2021, end: 06/08/2024!
2024-08-14 15:01:02,120 - INFO - Start downloading data symbols ['VJC'] from CAFEF, start: 01/01/2021, end: 06/08/2024!
2024-08-14 15:01:02,536 - INFO - Start downloading data symbols ['SAB'] from CAFEF, start: 01/01/2021, end: 06/08/2024!
2024-08-14 15:01:02,567 - INFO - Start downloading data symbols ['BVH'] from CAFEF, start: 01/01/2021, end: 06/08/2024!
2024-08-14 15:01:02,578 - INFO - Start downloading data symbols ['VJC'] from CAFEF, start: 01/01/2021, end: 06/08/2024!
2024-08-14 15:01:02,598 - INFO - Start downloading data symbols ['GVR'] from CAFEF, start: 01/01/2021, end: 06/08/2024!
2024-08-14 15:01:02,610 - INFO - Start downloading data symbols ['SSI'] from CAFEF, start: 01/01/2021, end: 06/08/2024!
2024-08-14 15:01:02,643 - INFO - Start downloading data symbols ['GAS'] from CAFEF, start: 01/01/2021, end: 06/08/2024!
2024-08-14 15:01:02,653 - INFO - Start downloading data symbols ['FPT'] from CAFEF, start: 01/01/2021, end: 06/08/2024!
2024-08-14 15:01:02,692 - INFO - Start downloading data symbols ['HPG'] from CAFEF, start: 01/01/2021, end: 06/08/2024!
2024-08-14 15:01:02,707 - INFO - Start downloading data symbols ['POW'] from CAFEF, start: 01/01/2021, end: 06/08/2024!
2024-08-14 15:01:02,745 - INFO - Start downloading data symbols ['PLX'] from CAFEF, start: 01/01/2021, end: 06/08/2024!
2024-08-14 15:01:02,754 - INFO - Start downloading data symbols ['MWG'] from CAFEF, start: 01/01/2021, end: 06/08/2024!
2024-08-14 15:01:02,813 - INFO - Start downloading data symbols ['MSN', 'VNM'] from CAFEF, start: 01/01/2021, end: 06/08/2024!
2024-08-14 15:01:03,720 - INFO - Start downloading data symbols ['BCM', 'VHM', 'VRE', 'VIC'] from CAFEF, start: 01/01/2021, end: 06/08/2024!
2024-08-14 15:01:05,428 - INFO - Start downloading data symbols ['CTG', 'SSB', 'MBB', 'TPB', 'VIB', 'HDB', 'BID', 'SHB', 'TCB', 'STB', 'VCB', 'VPB'] from CAFEF, start: 01/01/2021, end: 06/08/2024!
