2024-08-05 17:13:22,328 - INFO - Start downloading data symbols ['CTG', 'SSB', 'MBB', 'TPB', 'VIB', 'HDB', 'BID', 'SHB', 'TCB', 'STB', 'VCB', 'VPB'] from CAFEF, start: 05/08/2024, end: 05/08/2024!
2024-08-05 17:13:22,330 - INFO - Start downloading data symbols ['SAB'] from CAFEF, start: 05/08/2024, end: 05/08/2024!
2024-08-05 17:13:22,333 - INFO - Start downloading data symbols ['GVR'] from CAFEF, start: 05/08/2024, end: 05/08/2024!
2024-08-05 17:13:22,336 - INFO - Start downloading data symbols ['POW'] from CAFEF, start: 05/08/2024, end: 05/08/2024!
2024-08-05 17:13:22,340 - INFO - Start downloading data symbols ['SSI'] from CAFEF, start: 05/08/2024, end: 05/08/2024!
2024-08-05 17:13:22,342 - INFO - Start downloading data symbols ['MSN', 'VNM'] from CAFEF, start: 05/08/2024, end: 05/08/2024!
2024-08-05 17:13:22,343 - INFO - Start downloading data symbols ['GAS'] from CAFEF, start: 05/08/2024, end: 05/08/2024!
2024-08-05 17:13:22,345 - INFO - Start downloading data symbols ['MWG'] from CAFEF, start: 05/08/2024, end: 05/08/2024!
2024-08-05 17:13:22,349 - INFO - Start downloading data symbols ['HPG'] from CAFEF, start: 05/08/2024, end: 05/08/2024!
2024-08-05 17:13:22,354 - INFO - Start downloading data symbols ['BVH'] from CAFEF, start: 05/08/2024, end: 05/08/2024!
2024-08-05 17:13:22,355 - INFO - Start downloading data symbols ['PLX'] from CAFEF, start: 05/08/2024, end: 05/08/2024!
2024-08-05 17:13:22,358 - INFO - Start downloading data symbols ['BCM', 'VHM', 'VRE', 'VIC'] from CAFEF, start: 05/08/2024, end: 05/08/2024!
2024-08-05 17:13:22,360 - INFO - Start downloading data symbols ['FPT'] from CAFEF, start: 05/08/2024, end: 05/08/2024!
2024-08-05 17:13:22,364 - INFO - Start downloading data symbols ['VJC'] from CAFEF, start: 05/08/2024, end: 05/08/2024!
2024-08-05 17:13:22,471 - INFO - Start downloading data symbols ['GVR'] from CAFEF, start: 05/08/2024, end: 05/08/2024!
2024-08-05 17:13:22,474 - INFO - Start downloading data symbols ['SAB'] from CAFEF, start: 05/08/2024, end: 05/08/2024!
2024-08-05 17:13:22,491 - INFO - Start downloading data symbols ['PLX'] from CAFEF, start: 05/08/2024, end: 05/08/2024!
2024-08-05 17:13:22,504 - INFO - Start downloading data symbols ['HPG'] from CAFEF, start: 05/08/2024, end: 05/08/2024!
2024-08-05 17:13:22,508 - INFO - Start downloading data symbols ['MWG'] from CAFEF, start: 05/08/2024, end: 05/08/2024!
2024-08-05 17:13:22,509 - INFO - Start downloading data symbols ['BVH'] from CAFEF, start: 05/08/2024, end: 05/08/2024!
2024-08-05 17:13:22,512 - INFO - Start downloading data symbols ['POW'] from CAFEF, start: 05/08/2024, end: 05/08/2024!
2024-08-05 17:13:22,519 - INFO - Start downloading data symbols ['SSI'] from CAFEF, start: 05/08/2024, end: 05/08/2024!
2024-08-05 17:13:22,521 - INFO - Start downloading data symbols ['GAS'] from CAFEF, start: 05/08/2024, end: 05/08/2024!
2024-08-05 17:13:22,533 - INFO - Start downloading data symbols ['VJC'] from CAFEF, start: 05/08/2024, end: 05/08/2024!
2024-08-05 17:13:22,539 - INFO - Start downloading data symbols ['FPT'] from CAFEF, start: 05/08/2024, end: 05/08/2024!
2024-08-05 17:13:22,697 - INFO - Start downloading data symbols ['MSN', 'VNM'] from CAFEF, start: 05/08/2024, end: 05/08/2024!
2024-08-05 17:13:22,699 - INFO - Download done at 17:13:22.699856
2024-08-05 17:13:22,702 - INFO - Download done at 17:13:22.702479
2024-08-05 17:13:22,704 - INFO - Download done at 17:13:22.704109
2024-08-05 17:13:22,705 - INFO - Download done at 17:13:22.705480
2024-08-05 17:13:22,707 - INFO - Download done at 17:13:22.707089
2024-08-05 17:13:22,709 - INFO - Download done at 17:13:22.709187
2024-08-05 17:13:22,710 - INFO - Download done at 17:13:22.710805
2024-08-05 17:13:22,712 - INFO - Download done at 17:13:22.712342
2024-08-05 17:13:22,713 - INFO - Download done at 17:13:22.713850
2024-08-05 17:13:22,715 - INFO - Download done at 17:13:22.715566
2024-08-05 17:13:22,717 - INFO - Download done at 17:13:22.717020
2024-08-05 17:13:22,831 - INFO - Download done at 17:13:22.831770
2024-08-05 17:13:22,852 - INFO - Start downloading data symbols ['BCM', 'VHM', 'VRE', 'VIC'] from CAFEF, start: 05/08/2024, end: 05/08/2024!
2024-08-05 17:13:23,191 - INFO - Download done at 17:13:23.191056
2024-08-05 17:13:23,443 - INFO - Start downloading data symbols ['CTG', 'SSB', 'MBB', 'TPB', 'VIB', 'HDB', 'BID', 'SHB', 'TCB', 'STB', 'VCB', 'VPB'] from CAFEF, start: 05/08/2024, end: 05/08/2024!
2024-08-05 17:13:24,292 - INFO - Download done at 17:13:24.292320
